sample/build/outputs/logs/manifest-merger-debug-report.txt
-- Merging decision tree log ---
manifest
ADDED from src/main/AndroidManifest.xml:2:1-356:12
	package
		ADDED from src/main/AndroidManifest.xml:4:1-61
		INJECTED from src/main/AndroidManifest.xml
		INJECTED from src/main/AndroidManifest.xml
	android:versionName
		INJECTED from src/main/AndroidManifest.xml
		INJECTED from src/main/AndroidManifest.xml
	xmlns:tools
		ADDED from src/main/AndroidManifest.xml:3:1-47
	xmlns:android
		ADDED from src/main/AndroidManifest.xml:2:11-69
	android:versionCode
		INJECTED from src/main/AndroidManifest.xml
		INJECTED from src/main/AndroidManifest.xml
supports-screens
ADDED from src/main/AndroidManifest.xml:6:1-11:33
	android:largeScreens
		ADDED from src/main/AndroidManifest.xml:9:5-32
	android:smallScreens
		ADDED from src/main/AndroidManifest.xml:7:5-32
	android:normalScreens
		ADDED from src/main/AndroidManifest.xml:8:5-33
	android:xlargeScreens
		ADDED from src/main/AndroidManifest.xml:10:5-33
	android:resizeable
		ADDED from src/main/AndroidManifest.xml:6:19-44
	android:anyDensity
		ADDED from src/main/AndroidManifest.xml:11:5-30
uses-feature#android.hardware.camera
ADDED from src/main/AndroidManifest.xml:13:1-15:31
	android:required
		ADDED from src/main/AndroidManifest.xml:15:5-28
	android:name
		ADDED from src/main/AndroidManifest.xml:14:5-43
uses-feature#android.hardware.camera.autofocus
ADDED from src/main/AndroidManifest.xml:16:1-18:32
	android:required
		ADDED from src/main/AndroidManifest.xml:18:5-29
	android:name
		ADDED from src/main/AndroidManifest.xml:17:5-53
uses-permission#android.permission.WRITE_SYNC_SETTINGS
ADDED from src/main/AndroidManifest.xml:21:1-74
	android:name
		ADDED from src/main/AndroidManifest.xml:21:18-71
uses-permission#android.permission.READ_EXTERNAL_STORAGE
ADDED from src/main/AndroidManifest.xml:23:1-25:34
	android:maxSdkVersion
		ADDED from src/main/AndroidManifest.xml:25:5-31
	android:name
		ADDED from src/main/AndroidManifest.xml:24:5-60
permission#com.github.florent37.materialviewpager.worldmovies.permission.WRITE_SCHEDULE
ADDED from src/main/AndroidManifest.xml:27:1-31:40
	android:label
		ADDED from src/main/AndroidManifest.xml:30:5-45
	android:protectionLevel
		ADDED from src/main/AndroidManifest.xml:31:5-37
	android:description
		ADDED from src/main/AndroidManifest.xml:29:5-51
	android:name
		ADDED from src/main/AndroidManifest.xml:28:5-96
uses-permission#android.permission.INTERNET
ADDED from src/main/AndroidManifest.xml:33:1-62
MERGED from [com.crashlytics.sdk.android:crashlytics:2.4.0] AndroidManifest.xml:9:5-67
MERGED from [com.crashlytics.sdk.android:crashlytics-core:2.3.3] AndroidManifest.xml:9:5-67
MERGED from [com.google.android.gms:play-services-analytics:9.8.0] AndroidManifest.xml:20:5-66
MERGED from [com.google.android.gms:play-services-analytics-impl:9.8.0] AndroidManifest.xml:20:5-66
MERGED from [com.google.android.gms:play-services-maps:9.8.0] AndroidManifest.xml:20:5-66
MERGED from [com.google.firebase:firebase-iid:9.8.0] AndroidManifest.xml:20:5-66
MERGED from [com.google.firebase:firebase-analytics:9.8.0] AndroidManifest.xml:20:5-66
MERGED from [com.google.firebase:firebase-analytics-impl:9.8.0] AndroidManifest.xml:20:5-66
	android:name
		ADDED from src/main/AndroidManifest.xml:33:18-60
uses-permission#android.permission.ACCESS_NETWORK_STATE
ADDED from src/main/AndroidManifest.xml:34:1-75
MERGED from [com.google.android.gms:play-services-analytics:9.8.0] AndroidManifest.xml:21:5-78
MERGED from [com.google.android.gms:play-services-analytics-impl:9.8.0] AndroidManifest.xml:21:5-78
MERGED from [com.google.android.gms:play-services-maps:9.8.0] AndroidManifest.xml:19:5-78
MERGED from [com.google.firebase:firebase-iid:9.8.0] AndroidManifest.xml:19:5-78
MERGED from [com.google.firebase:firebase-analytics:9.8.0] AndroidManifest.xml:21:5-78
MERGED from [com.google.firebase:firebase-analytics-impl:9.8.0] AndroidManifest.xml:21:5-78
	android:name
		ADDED from src/main/AndroidManifest.xml:34:18-72
uses-permission#android.permission.ACCESS_WIFI_STATE
ADDED from src/main/AndroidManifest.xml:35:1-72
	android:name
		ADDED from src/main/AndroidManifest.xml:35:18-69
uses-permission#android.permission.CHANGE_WIFI_STATE
ADDED from src/main/AndroidManifest.xml:36:1-72
	android:name
		ADDED from src/main/AndroidManifest.xml:36:18-69
uses-permission#android.permission.WRITE_EXTERNAL_STORAGE
ADDED from src/main/AndroidManifest.xml:37:1-76
	android:name
		ADDED from src/main/AndroidManifest.xml:37:18-74
uses-permission#android.permission.RECORD_AUDIO
ADDED from src/main/AndroidManifest.xml:38:1-67
	android:name
		ADDED from src/main/AndroidManifest.xml:38:18-64
uses-permission#android.permission.CAMERA
ADDED from src/main/AndroidManifest.xml:39:1-61
	android:name
		ADDED from src/main/AndroidManifest.xml:39:18-58
uses-permission#android.permission.VIBRATE
ADDED from src/main/AndroidManifest.xml:40:1-62
	android:name
		ADDED from src/main/AndroidManifest.xml:40:18-59
uses-permission#android.permission.RECEIVE_BOOT_COMPLETED
ADDED from src/main/AndroidManifest.xml:41:1-77
	android:name
		ADDED from src/main/AndroidManifest.xml:41:18-74
uses-permission#android.permission.READ_SYNC_SETTINGS
ADDED from src/main/AndroidManifest.xml:42:1-73
	android:name
		ADDED from src/main/AndroidManifest.xml:42:18-70
uses-permission#android.permission.READ_SYNC_STATS
ADDED from src/main/AndroidManifest.xml:43:1-70
	android:name
		ADDED from src/main/AndroidManifest.xml:43:18-67
uses-permission#android.permission.GET_ACCOUNTS
ADDED from src/main/AndroidManifest.xml:44:1-67
	android:name
		ADDED from src/main/AndroidManifest.xml:44:18-64
application
ADDED from src/main/AndroidManifest.xml:47:1-354:15
MERGED from [com.android.support:support-v13:25.0.0] AndroidManifest.xml:25:5-20
MERGED from [com.android.support:support-v4:25.0.0] AndroidManifest.xml:25:5-20
MERGED from [com.android.support:support-compat:25.0.0] AndroidManifest.xml:25:5-20
MERGED from [com.android.support:support-media-compat:25.0.0] AndroidManifest.xml:25:5-20
MERGED from [com.android.support:support-core-utils:25.0.0] AndroidManifest.xml:25:5-20
MERGED from [com.android.support:support-core-ui:25.0.0] AndroidManifest.xml:25:5-20
MERGED from [com.android.support:support-fragment:25.0.0] AndroidManifest.xml:25:5-20
MERGED from [com.android.support:palette-v7:25.0.0] AndroidManifest.xml:22:5-23:19
MERGED from [com.android.support:preference-v7:25.0.0] AndroidManifest.xml:9:5-20
MERGED from [com.android.support:appcompat-v7:25.0.0] AndroidManifest.xml:25:5-20
MERGED from [com.android.support:support-vector-drawable:25.0.0] AndroidManifest.xml:23:5-20
MERGED from [com.android.support:animated-vector-drawable:25.0.0] AndroidManifest.xml:22:5-20
MERGED from [com.jpardogo.materialtabstrip:library:1.1.0] AndroidManifest.xml:9:5-20
MERGED from [com.android.support:cardview-v7:25.0.0] AndroidManifest.xml:22:5-20
MERGED from [com.crashlytics.sdk.android:crashlytics:2.4.0] AndroidManifest.xml:11:5-20
MERGED from [io.fabric.sdk.android:fabric:1.3.4] AndroidManifest.xml:25:5-20
MERGED from [com.crashlytics.sdk.android:crashlytics-core:2.3.3] AndroidManifest.xml:11:5-20
MERGED from [com.crashlytics.sdk.android:answers:1.2.2] AndroidManifest.xml:9:5-20
MERGED from [com.crashlytics.sdk.android:beta:1.1.3] AndroidManifest.xml:9:5-20
MERGED from [com.github.afollestad.material-dialogs:core:0.8.5.8] AndroidManifest.xml:13:5-20
MERGED from [com.google.android.gms:play-services-analytics:9.8.0] AndroidManifest.xml:26:5-19
MERGED from [com.google.android.gms:play-services-analytics-impl:9.8.0] AndroidManifest.xml:26:5-19
MERGED from [com.google.android.gms:play-services-base:9.8.0] AndroidManifest.xml:18:5-20:19
MERGED from [com.google.android.gms:play-services-basement:9.8.0] AndroidManifest.xml:19:5-21:19
MERGED from [com.google.android.gms:play-services-tasks:9.8.0] AndroidManifest.xml:4:5-19
MERGED from [com.google.android.gms:play-services-maps:9.8.0] AndroidManifest.xml:24:5-19
MERGED from [com.google.android.gms:play-services-plus:9.8.0] AndroidManifest.xml:18:5-19
MERGED from [com.google.firebase:firebase-messaging:9.8.0] AndroidManifest.xml:19:5-29:19
MERGED from [com.google.firebase:firebase-iid:9.8.0] AndroidManifest.xml:28:5-50:19
MERGED from [com.google.firebase:firebase-common:9.8.0] AndroidManifest.xml:4:5-7:19
MERGED from [com.google.android.gms:play-services-auth:9.8.0] AndroidManifest.xml:19:5-25:19
MERGED from [com.android.support.test.espresso:espresso-idling-resource:2.0] AndroidManifest.xml:24:5-20
MERGED from [com.lsjwzh:materialloadingprogressbar:0.5.8-RELEASE] AndroidManifest.xml:11:5-12:19
MERGED from [com.mcxiaoke.volley:library-aar:1.0.0] AndroidManifest.xml:5:5-19
MERGED from [com.facebook.android:facebook-android-sdk:4.17.0] AndroidManifest.xml:28:5-38:19
MERGED from [com.android.support:customtabs:25.0.0] AndroidManifest.xml:22:5-20
MERGED from [com.github.aakira:expandable-layout:1.4.2] AndroidManifest.xml:12:5-20
MERGED from [com.roger.catloadinglibrary:catloadinglibrary:1.0.1] AndroidManifest.xml:11:5-15:19
MERGED from [com.sackcentury:shinebutton:0.1.2] AndroidManifest.xml:11:5-15:19
MERGED from [com.daasuu:EasingInterpolator:1.0.0] AndroidManifest.xml:11:5-15:19
MERGED from [com.ashokvarma.android:bottom-navigation-bar:1.3.0] AndroidManifest.xml:11:5-13:38
MERGED from [com.android.support:design:25.0.0] AndroidManifest.xml:25:5-20
MERGED from [com.android.support:transition:25.0.0] AndroidManifest.xml:22:5-20
MERGED from [com.github.delight-im:Android-AdvancedWebView:v2.1.0] AndroidManifest.xml:9:5-20
MERGED from [de.hdodenhof:circleimageview:1.3.0] AndroidManifest.xml:9:5-20
MERGED from [com.spotify.sdk:spotify-auth:1.0.0-beta13] AndroidManifest.xml:30:5-20
MERGED from [com.spotify.sdk:spotify-player:1.0.0-beta13] AndroidManifest.xml:30:5-20
MERGED from [com.spotify.android:spotify-api:0.4.1] AndroidManifest.xml:11:5-20
MERGED from [com.google.firebase:firebase-core:9.8.0] AndroidManifest.xml:5:5-20
MERGED from [com.google.firebase:firebase-analytics:9.8.0] AndroidManifest.xml:24:5-33:19
MERGED from [com.google.firebase:firebase-analytics-impl:9.8.0] AndroidManifest.xml:24:5-28:19
	android:label
		ADDED from src/main/AndroidManifest.xml:52:5-37
	android:supportsRtl
		ADDED from src/main/AndroidManifest.xml:53:5-31
	android:hardwareAccelerated
		ADDED from src/main/AndroidManifest.xml:50:5-39
	android:allowBackup
		ADDED from src/main/AndroidManifest.xml:49:5-31
	android:icon
		ADDED from src/main/AndroidManifest.xml:51:5-38
	android:theme
		ADDED from src/main/AndroidManifest.xml:54:5-36
	android:name
		ADDED from src/main/AndroidManifest.xml:48:5-89
activity#com.github.florent37.materialviewpager.worldmovies.MainActivity
ADDED from src/main/AndroidManifest.xml:55:5-65:16
	android:screenOrientation
		ADDED from src/main/AndroidManifest.xml:58:9-45
	android:label
		ADDED from src/main/AndroidManifest.xml:57:9-41
	android:configChanges
		ADDED from src/main/AndroidManifest.xml:59:9-44
	android:name
		ADDED from src/main/AndroidManifest.xml:56:9-87
intent-filter#android.intent.action.MAIN+android.intent.category.BROWSABLE+android.intent.category.LAUNCHER
ADDED from src/main/AndroidManifest.xml:60:9-64:25
action#android.intent.action.MAIN
ADDED from src/main/AndroidManifest.xml:61:13-65
	android:name
		ADDED from src/main/AndroidManifest.xml:61:21-62
category#android.intent.category.LAUNCHER
ADDED from src/main/AndroidManifest.xml:62:13-73
	android:name
		ADDED from src/main/AndroidManifest.xml:62:23-70
category#android.intent.category.BROWSABLE
ADDED from src/main/AndroidManifest.xml:63:13-74
	android:name
		ADDED from src/main/AndroidManifest.xml:63:23-71
activity#com.github.florent37.materialviewpager.worldmovies.about.AboutActivity
ADDED from src/main/AndroidManifest.xml:67:5-77:16
	android:screenOrientation
		ADDED from src/main/AndroidManifest.xml:71:9-45
	android:label
		ADDED from src/main/AndroidManifest.xml:69:9-50
	android:parentActivityName
		ADDED from src/main/AndroidManifest.xml:70:9-101
	android:exported
		ADDED from src/main/AndroidManifest.xml:73:9-33
	android:theme
		ADDED from src/main/AndroidManifest.xml:72:9-40
	android:name
		ADDED from src/main/AndroidManifest.xml:68:9-94
meta-data#android.support.PARENT_ACTIVITY
ADDED from src/main/AndroidManifest.xml:74:9-76:95
	android:value
		ADDED from src/main/AndroidManifest.xml:76:13-92
	android:name
		ADDED from src/main/AndroidManifest.xml:75:13-59
activity#com.github.florent37.materialviewpager.worldmovies.favorite.FavoriteActivity
ADDED from src/main/AndroidManifest.xml:79:5-86:16
	android:screenOrientation
		ADDED from src/main/AndroidManifest.xml:84:9-45
	android:label
		ADDED from src/main/AndroidManifest.xml:81:9-53
	android:parentActivityName
		ADDED from src/main/AndroidManifest.xml:82:9-101
	android:exported
		ADDED from src/main/AndroidManifest.xml:85:9-33
	android:theme
		ADDED from src/main/AndroidManifest.xml:83:9-40
	android:name
		ADDED from src/main/AndroidManifest.xml:80:9-100
activity#com.github.florent37.materialviewpager.worldmovies.favorite.ExplorePeopleActivity
ADDED from src/main/AndroidManifest.xml:88:5-94:16
	android:screenOrientation
		ADDED from src/main/AndroidManifest.xml:90:9-45
	android:label
		ADDED from src/main/AndroidManifest.xml:93:9-59
	android:parentActivityName
		ADDED from src/main/AndroidManifest.xml:91:9-114
	android:theme
		ADDED from src/main/AndroidManifest.xml:92:9-40
	android:name
		ADDED from src/main/AndroidManifest.xml:89:9-105
activity#com.github.florent37.materialviewpager.worldmovies.favorite.MoviesFavoriteDetail
ADDED from src/main/AndroidManifest.xml:96:5-104:16
	android:label
		ADDED from src/main/AndroidManifest.xml:97:9-60
	android:parentActivityName
		ADDED from src/main/AndroidManifest.xml:98:9-101
	android:exported
		ADDED from src/main/AndroidManifest.xml:100:9-33
	android:theme
		ADDED from src/main/AndroidManifest.xml:99:9-40
	android:name
		ADDED from src/main/AndroidManifest.xml:96:15-110
activity#com.github.florent37.materialviewpager.worldmovies.favorite.nyTimesFavoriteDetail
ADDED from src/main/AndroidManifest.xml:106:5-114:16
	android:label
		ADDED from src/main/AndroidManifest.xml:107:9-61
	android:parentActivityName
		ADDED from src/main/AndroidManifest.xml:108:9-101
	android:exported
		ADDED from src/main/AndroidManifest.xml:110:9-33
	android:theme
		ADDED from src/main/AndroidManifest.xml:109:9-40
	android:name
		ADDED from src/main/AndroidManifest.xml:106:15-111
activity#com.github.florent37.materialviewpager.worldmovies.framework.CustomLightBoxActivity
ADDED from src/main/AndroidManifest.xml:116:5-119:55
	android:configChanges
		ADDED from src/main/AndroidManifest.xml:118:9-70
	android:theme
		ADDED from src/main/AndroidManifest.xml:119:9-52
	android:name
		ADDED from src/main/AndroidManifest.xml:117:9-107
activity#com.github.florent37.materialviewpager.worldmovies.trends.TrendsDetail
ADDED from src/main/AndroidManifest.xml:121:5-125:16
	android:screenOrientation
		ADDED from src/main/AndroidManifest.xml:123:9-45
	android:label
		ADDED from src/main/AndroidManifest.xml:124:9-51
	android:name
		ADDED from src/main/AndroidManifest.xml:122:9-94
activity#com.github.florent37.materialviewpager.worldmovies.trends.TrendsAlbumActivity
ADDED from src/main/AndroidManifest.xml:127:5-131:16
	android:screenOrientation
		ADDED from src/main/AndroidManifest.xml:129:9-45
	android:label
		ADDED from src/main/AndroidManifest.xml:130:9-50
	android:name
		ADDED from src/main/AndroidManifest.xml:128:9-101
activity#com.github.florent37.materialviewpager.worldmovies.trends.TrendsSlideActivity
ADDED from src/main/AndroidManifest.xml:133:5-137:16
	android:screenOrientation
		ADDED from src/main/AndroidManifest.xml:135:9-45
	android:label
		ADDED from src/main/AndroidManifest.xml:136:9-50
	android:name
		ADDED from src/main/AndroidManifest.xml:134:9-101
activity#com.github.florent37.materialviewpager.worldmovies.imdb.AlbumActivity
ADDED from src/main/AndroidManifest.xml:139:5-143:16
	android:screenOrientation
		ADDED from src/main/AndroidManifest.xml:141:9-45
	android:label
		ADDED from src/main/AndroidManifest.xml:142:9-50
	android:name
		ADDED from src/main/AndroidManifest.xml:140:9-93
activity#com.github.florent37.materialviewpager.worldmovies.imdb.SlideActivity
ADDED from src/main/AndroidManifest.xml:145:5-149:16
	android:screenOrientation
		ADDED from src/main/AndroidManifest.xml:147:9-45
	android:label
		ADDED from src/main/AndroidManifest.xml:148:9-25
	android:name
		ADDED from src/main/AndroidManifest.xml:146:9-93
activity#com.github.florent37.materialviewpager.worldmovies.framework.WebViewActivity
ADDED from src/main/AndroidManifest.xml:151:5-155:16
	android:screenOrientation
		ADDED from src/main/AndroidManifest.xml:153:9-45
	android:label
		ADDED from src/main/AndroidManifest.xml:154:9-25
	android:name
		ADDED from src/main/AndroidManifest.xml:152:9-100
activity#com.github.florent37.materialviewpager.worldmovies.framework.ContentWebViewActivity
ADDED from src/main/AndroidManifest.xml:157:5-161:16
	android:screenOrientation
		ADDED from src/main/AndroidManifest.xml:159:9-45
	android:label
		ADDED from src/main/AndroidManifest.xml:160:9-25
	android:name
		ADDED from src/main/AndroidManifest.xml:158:9-107
activity#com.github.florent37.materialviewpager.worldmovies.nytimes.nyTimesDetailActivity
ADDED from src/main/AndroidManifest.xml:163:5-167:16
	android:screenOrientation
		ADDED from src/main/AndroidManifest.xml:165:9-45
	android:label
		ADDED from src/main/AndroidManifest.xml:166:9-25
	android:name
		ADDED from src/main/AndroidManifest.xml:164:9-104
activity#com.github.florent37.materialviewpager.worldmovies.detail.DetailActivity
ADDED from src/main/AndroidManifest.xml:169:5-173:16
	android:screenOrientation
		ADDED from src/main/AndroidManifest.xml:171:9-45
	android:label
		ADDED from src/main/AndroidManifest.xml:172:9-51
	android:name
		ADDED from src/main/AndroidManifest.xml:170:9-96
activity#com.github.florent37.materialviewpager.worldmovies.imdb.ImdbActivity
ADDED from src/main/AndroidManifest.xml:175:5-185:16
	android:screenOrientation
		ADDED from src/main/AndroidManifest.xml:179:9-45
	android:label
		ADDED from src/main/AndroidManifest.xml:177:9-49
	android:parentActivityName
		ADDED from src/main/AndroidManifest.xml:178:9-101
	android:exported
		ADDED from src/main/AndroidManifest.xml:181:9-33
	android:theme
		ADDED from src/main/AndroidManifest.xml:180:9-62
	android:name
		ADDED from src/main/AndroidManifest.xml:176:9-92
activity#com.github.florent37.materialviewpager.worldmovies.genre.GenreActivity
ADDED from src/main/AndroidManifest.xml:187:5-197:16
	android:screenOrientation
		ADDED from src/main/AndroidManifest.xml:191:9-45
	android:label
		ADDED from src/main/AndroidManifest.xml:189:9-50
	android:parentActivityName
		ADDED from src/main/AndroidManifest.xml:190:9-101
	android:exported
		ADDED from src/main/AndroidManifest.xml:193:9-33
	android:theme
		ADDED from src/main/AndroidManifest.xml:192:9-62
	android:name
		ADDED from src/main/AndroidManifest.xml:188:9-94
activity#com.github.florent37.materialviewpager.worldmovies.settings.SettingsActivity
ADDED from src/main/AndroidManifest.xml:199:5-209:16
	android:screenOrientation
		ADDED from src/main/AndroidManifest.xml:203:9-45
	android:label
		ADDED from src/main/AndroidManifest.xml:201:9-56
	android:parentActivityName
		ADDED from src/main/AndroidManifest.xml:202:9-114
	android:exported
		ADDED from src/main/AndroidManifest.xml:205:9-33
	android:theme
		ADDED from src/main/AndroidManifest.xml:204:9-62
	android:name
		ADDED from src/main/AndroidManifest.xml:200:9-100
activity#com.github.florent37.materialviewpager.worldmovies.upcoming.upComingActivity
ADDED from src/main/AndroidManifest.xml:211:5-221:16
	android:screenOrientation
		ADDED from src/main/AndroidManifest.xml:215:9-45
	android:label
		ADDED from src/main/AndroidManifest.xml:213:9-53
	android:parentActivityName
		ADDED from src/main/AndroidManifest.xml:214:9-101
	android:exported
		ADDED from src/main/AndroidManifest.xml:217:9-33
	android:theme
		ADDED from src/main/AndroidManifest.xml:216:9-62
	android:name
		ADDED from src/main/AndroidManifest.xml:212:9-100
activity#com.github.florent37.materialviewpager.worldmovies.imdb.MovieDetailActivity
ADDED from src/main/AndroidManifest.xml:223:5-227:16
	android:screenOrientation
		ADDED from src/main/AndroidManifest.xml:225:9-45
	android:label
		ADDED from src/main/AndroidManifest.xml:226:9-51
	android:name
		ADDED from src/main/AndroidManifest.xml:224:9-99
activity#com.github.florent37.materialviewpager.worldmovies.genre.GenreDetailActivity
ADDED from src/main/AndroidManifest.xml:229:5-233:16
	android:screenOrientation
		ADDED from src/main/AndroidManifest.xml:231:9-45
	android:label
		ADDED from src/main/AndroidManifest.xml:232:9-57
	android:name
		ADDED from src/main/AndroidManifest.xml:230:9-100
activity#com.github.florent37.materialviewpager.worldmovies.login.LoginActivity
ADDED from src/main/AndroidManifest.xml:235:5-250:16
	android:screenOrientation
		ADDED from src/main/AndroidManifest.xml:237:9-45
	android:label
		ADDED from src/main/AndroidManifest.xml:240:9-50
	android:parentActivityName
		ADDED from src/main/AndroidManifest.xml:238:9-101
	android:theme
		ADDED from src/main/AndroidManifest.xml:239:9-62
	android:name
		ADDED from src/main/AndroidManifest.xml:236:9-94
intent-filter#android.intent.action.VIEW+android.intent.category.BROWSABLE+android.intent.category.DEFAULT
ADDED from src/main/AndroidManifest.xml:241:9-246:25
action#android.intent.action.VIEW
ADDED from src/main/AndroidManifest.xml:242:13-65
	android:name
		ADDED from src/main/AndroidManifest.xml:242:21-62
category#android.intent.category.DEFAULT
ADDED from src/main/AndroidManifest.xml:243:13-72
	android:name
		ADDED from src/main/AndroidManifest.xml:243:23-69
data
ADDED from src/main/AndroidManifest.xml:245:13-71
	android:scheme
		ADDED from src/main/AndroidManifest.xml:245:19-68
activity#com.github.florent37.materialviewpager.worldmovies.nytimes.nyTimesActivity
ADDED from src/main/AndroidManifest.xml:252:5-262:16
	android:screenOrientation
		ADDED from src/main/AndroidManifest.xml:256:9-45
	android:label
		ADDED from src/main/AndroidManifest.xml:254:9-47
	android:parentActivityName
		ADDED from src/main/AndroidManifest.xml:255:9-101
	android:exported
		ADDED from src/main/AndroidManifest.xml:258:9-33
	android:theme
		ADDED from src/main/AndroidManifest.xml:257:9-62
	android:name
		ADDED from src/main/AndroidManifest.xml:253:9-98
activity#com.github.florent37.materialviewpager.worldmovies.welcome.WelcomeActivity
ADDED from src/main/AndroidManifest.xml:264:5-267:36
	android:exported
		ADDED from src/main/AndroidManifest.xml:267:9-33
	android:theme
		ADDED from src/main/AndroidManifest.xml:266:9-53
	android:name
		ADDED from src/main/AndroidManifest.xml:265:9-98
activity#com.facebook.FacebookActivity
ADDED from src/main/AndroidManifest.xml:269:5-274:41
MERGED from [com.facebook.android:facebook-android-sdk:4.17.0] AndroidManifest.xml:29:9-32:66
	android:label
		ADDED from src/main/AndroidManifest.xml:273:9-41
	android:configChanges
		ADDED from src/main/AndroidManifest.xml:270:9-105
	android:theme
		ADDED from src/main/AndroidManifest.xml:272:9-68
		REJECTED from [com.facebook.android:facebook-android-sdk:4.17.0] AndroidManifest.xml:32:13-63
	tools:replace
		ADDED from src/main/AndroidManifest.xml:274:9-38
	android:name
		ADDED from src/main/AndroidManifest.xml:269:15-59
activity#com.spotify.sdk.android.authentication.LoginActivity
ADDED from src/main/AndroidManifest.xml:276:5-278:70
	android:theme
		ADDED from src/main/AndroidManifest.xml:278:9-68
	android:name
		ADDED from src/main/AndroidManifest.xml:277:9-76
activity#com.github.florent37.materialviewpager.worldmovies.ui.SearchActivity
ADDED from src/main/AndroidManifest.xml:280:5-294:16
	android:launchMode
		ADDED from src/main/AndroidManifest.xml:282:9-39
	android:theme
		ADDED from src/main/AndroidManifest.xml:283:9-52
	android:name
		ADDED from src/main/AndroidManifest.xml:281:9-92
intent-filter#android.intent.action.SEARCH
ADDED from src/main/AndroidManifest.xml:284:9-286:25
action#android.intent.action.SEARCH
ADDED from src/main/AndroidManifest.xml:285:13-67
	android:name
		ADDED from src/main/AndroidManifest.xml:285:21-64
intent-filter#android.intent.category.DEFAULT+com.google.android.gms.actions.SEARCH_ACTION
ADDED from src/main/AndroidManifest.xml:287:9-290:25
action#com.google.android.gms.actions.SEARCH_ACTION
ADDED from src/main/AndroidManifest.xml:288:13-83
	android:name
		ADDED from src/main/AndroidManifest.xml:288:21-80
meta-data#android.app.searchable
ADDED from src/main/AndroidManifest.xml:291:9-293:50
	android:resource
		ADDED from src/main/AndroidManifest.xml:293:13-47
	android:name
		ADDED from src/main/AndroidManifest.xml:292:13-50
service#com.github.florent37.materialviewpager.worldmovies.sync.SyncService
ADDED from src/main/AndroidManifest.xml:296:5-307:15
	android:exported
		ADDED from src/main/AndroidManifest.xml:298:9-32
	tools:ignore
		ADDED from src/main/AndroidManifest.xml:299:9-39
	android:name
		ADDED from src/main/AndroidManifest.xml:297:9-91
intent-filter#android.content.SyncAdapter
ADDED from src/main/AndroidManifest.xml:300:9-302:25
action#android.content.SyncAdapter
ADDED from src/main/AndroidManifest.xml:301:13-66
	android:name
		ADDED from src/main/AndroidManifest.xml:301:21-63
meta-data#android.content.SyncAdapter
ADDED from src/main/AndroidManifest.xml:304:9-306:51
	android:resource
		ADDED from src/main/AndroidManifest.xml:306:13-48
	android:name
		ADDED from src/main/AndroidManifest.xml:305:13-55
service#com.github.florent37.materialviewpager.worldmovies.service.PlayerService
ADDED from src/main/AndroidManifest.xml:309:5-103
	android:name
		ADDED from src/main/AndroidManifest.xml:309:14-101
service#com.github.florent37.materialviewpager.worldmovies.service.MyFirebaseInstanceIDService
ADDED from src/main/AndroidManifest.xml:311:5-316:15
	android:name
		ADDED from src/main/AndroidManifest.xml:312:9-110
intent-filter#com.google.firebase.INSTANCE_ID_EVENT
ADDED from src/main/AndroidManifest.xml:313:9-315:25
action#com.google.firebase.INSTANCE_ID_EVENT
ADDED from src/main/AndroidManifest.xml:314:13-76
	android:name
		ADDED from src/main/AndroidManifest.xml:314:21-73
service#com.github.florent37.materialviewpager.worldmovies.service.MyFcmListenerService
ADDED from src/main/AndroidManifest.xml:318:5-323:15
	android:name
		ADDED from src/main/AndroidManifest.xml:319:9-103
intent-filter#com.google.firebase.MESSAGING_EVENT
ADDED from src/main/AndroidManifest.xml:320:9-322:25
action#com.google.firebase.MESSAGING_EVENT
ADDED from src/main/AndroidManifest.xml:321:13-74
	android:name
		ADDED from src/main/AndroidManifest.xml:321:21-71
service#com.github.florent37.materialviewpager.worldmovies.service.UnRegistrationIntentService
ADDED from src/main/AndroidManifest.xml:325:5-328:15
	android:exported
		ADDED from src/main/AndroidManifest.xml:327:9-33
	android:name
		ADDED from src/main/AndroidManifest.xml:326:9-110
service#com.github.florent37.materialviewpager.worldmovies.service.DataBootstrapService
ADDED from src/main/AndroidManifest.xml:333:5-335:36
	android:exported
		ADDED from src/main/AndroidManifest.xml:335:9-33
	android:name
		ADDED from src/main/AndroidManifest.xml:334:9-53
provider#com.github.florent37.materialviewpager.worldmovies.provider.ScheduleProvider
ADDED from src/main/AndroidManifest.xml:337:5-343:109
	android:authorities
		ADDED from src/main/AndroidManifest.xml:339:9-81
	android:label
		ADDED from src/main/AndroidManifest.xml:341:9-41
	android:syncable
		ADDED from src/main/AndroidManifest.xml:342:9-32
	android:exported
		ADDED from src/main/AndroidManifest.xml:340:9-32
	android:name
		ADDED from src/main/AndroidManifest.xml:338:9-100
	android:writePermission
		ADDED from src/main/AndroidManifest.xml:343:9-106
meta-data#io.fabric.ApiKey
ADDED from src/main/AndroidManifest.xml:345:5-347:68
	android:value
		ADDED from src/main/AndroidManifest.xml:347:9-65
	android:name
		ADDED from src/main/AndroidManifest.xml:346:9-40
meta-data#com.google.android.gms.version
ADDED from src/main/AndroidManifest.xml:350:5-352:65
MERGED from [com.google.android.gms:play-services-basement:9.8.0] AndroidManifest.xml:20:9-121
	android:value
		ADDED from src/main/AndroidManifest.xml:352:9-62
	android:name
		ADDED from src/main/AndroidManifest.xml:351:9-54
meta-data#com.facebook.sdk.ApplicationId
ADDED from src/main/AndroidManifest.xml:353:5-103
	android:value
		ADDED from src/main/AndroidManifest.xml:353:62-101
	android:name
		ADDED from src/main/AndroidManifest.xml:353:16-61
uses-sdk
INJECTED from src/main/AndroidManifest.xml reason: use-sdk injection requested
MERGED from [com.android.support:support-v13:25.0.0] AndroidManifest.xml:21:5-23:55
MERGED from [com.android.support:support-v4:25.0.0] AndroidManifest.xml:21:5-23:54
MERGED from [com.android.support:support-compat:25.0.0] AndroidManifest.xml:21:5-23:58
MERGED from [com.android.support:support-media-compat:25.0.0] AndroidManifest.xml:21:5-23:63
MERGED from [com.android.support:support-core-utils:25.0.0] AndroidManifest.xml:21:5-23:61
MERGED from [com.android.support:support-core-ui:25.0.0] AndroidManifest.xml:21:5-23:58
MERGED from [com.android.support:support-fragment:25.0.0] AndroidManifest.xml:21:5-23:60
MERGED from [com.android.support:palette-v7:25.0.0] AndroidManifest.xml:20:5-43
MERGED from [com.android.support:preference-v7:25.0.0] AndroidManifest.xml:7:5-43
MERGED from [com.android.support:appcompat-v7:25.0.0] AndroidManifest.xml:21:5-23:78
MERGED from [com.android.support:support-vector-drawable:25.0.0] AndroidManifest.xml:21:5-43
MERGED from [com.android.support:animated-vector-drawable:25.0.0] AndroidManifest.xml:20:5-44
MERGED from [com.android.support:recyclerview-v7:25.0.0] AndroidManifest.xml:20:5-43
MERGED from [com.github.florent37:materialviewpager:1.2.0] AndroidManifest.xml:7:5-9:41
MERGED from [com.jpardogo.materialtabstrip:library:1.1.0] AndroidManifest.xml:5:5-7:41